TN:
SF:script/BzzCrossChainRouter.s.sol
FN:8,BzzCrossChainRouterDeployScript.run
FNDA:0,BzzCrossChainRouterDeployScript.run
DA:9,0
DA:10,0
DA:12,0
DA:14,0
FNF:1
FNH:0
LF:4
LH:0
BRF:0
BRH:0
end_of_record
TN:
SF:script/Exchange.s.sol
FN:8,ExchangeDeploy.run
FNDA:0,ExchangeDeploy.run
DA:9,0
DA:10,0
DA:12,0
DA:23,0
FNF:1
FNH:0
LF:4
LH:0
BRF:0
BRH:0
end_of_record
TN:
SF:src/BzzCrossChainRouter.sol
FN:40,BzzCrossChainRouter.onTokenTransfer
FNDA:0,BzzCrossChainRouter.onTokenTransfer
DA:41,0
BRDA:41,0,0,-
BRDA:41,0,1,-
DA:42,0
DA:45,0
BRDA:45,1,0,-
BRDA:45,1,1,-
DA:46,0
DA:49,0
DA:51,0
FN:57,BzzCrossChainRouter.onTokenBridged
FNDA:0,BzzCrossChainRouter.onTokenBridged
DA:58,0
BRDA:58,2,0,-
BRDA:58,2,1,-
DA:59,0
FN:68,BzzCrossChainRouter._topUp
FNDA:0,BzzCrossChainRouter._topUp
DA:69,0
DA:70,0
FN:77,BzzCrossChainRouter.sweep
FNDA:0,BzzCrossChainRouter.sweep
DA:78,0
FNF:4
FNH:0
LF:11
LH:0
BRF:6
BRH:0
end_of_record
TN:
SF:src/Exchange.sol
FN:177,Exchange.setFee
FNDA:3,Exchange.setFee
DA:178,2
BRDA:178,0,0,1
BRDA:178,0,1,1
DA:179,1
FN:186,Exchange.sweep
FNDA:2,Exchange.sweep
DA:187,1
FN:203,Exchange.buy
FNDA:171,Exchange.buy
DA:205,171
DA:207,171
DA:208,171
DA:213,171
BRDA:213,1,0,1
BRDA:213,1,1,170
DA:223,170
DA:224,170
DA:227,170
BRDA:227,2,0,60
BRDA:227,2,1,38
DA:228,138
BRDA:228,3,0,40
BRDA:228,3,1,98
DA:230,40
DA:231,40
DA:232,98
BRDA:232,4,0,60
BRDA:232,4,1,38
DA:234,60
DA:237,38
DA:238,38
DA:244,137
BRDA:244,5,0,24
BRDA:244,5,1,51
DA:245,75
DA:256,62
DA:260,50
BRDA:260,6,0,-
BRDA:260,6,1,18
DA:263,18
DA:264,18
DA:268,32
DA:274,32
BRDA:274,7,0,-
BRDA:274,7,1,16
DA:276,16
DA:278,16
DA:279,16
FN:286,Exchange.sell
FNDA:39,Exchange.sell
DA:288,39
DA:289,39
DA:290,39
DA:294,39
BRDA:294,8,0,1
BRDA:294,8,1,38
DA:305,38
DA:308,14
DA:312,14
BRDA:312,9,0,1
BRDA:312,9,1,2
DA:313,8
DA:324,5
BRDA:324,10,0,1
BRDA:324,10,1,2
DA:325,3
DA:328,6
FN:340,Exchange._daiRouter
FNDA:83,Exchange._daiRouter
DA:342,83
BRDA:342,11,0,24
BRDA:342,11,1,11
DA:344,26
BRDA:344,12,0,24
BRDA:344,12,1,11
DA:346,24
DA:348,11
DA:349,57
BRDA:349,13,0,26
BRDA:349,13,1,31
DA:351,26
DA:352,31
BRDA:352,14,0,15
BRDA:352,14,1,7
DA:353,20
BRDA:353,15,0,4
BRDA:353,15,1,16
DA:355,16
BRDA:355,16,0,15
BRDA:355,16,1,7
DA:357,15
DA:359,7
DA:361,11
FN:370,Exchange._curveFi3PoolRouter
FNDA:11,Exchange._curveFi3PoolRouter
DA:372,11
DA:374,11
DA:377,11
DA:378,11
DA:383,11
DA:386,11
FN:394,Exchange._uniswapV3Router
FNDA:26,Exchange._uniswapV3Router
DA:396,26
DA:403,26
DA:412,11
FN:421,Exchange._daiPsmRouter
FNDA:7,Exchange._daiPsmRouter
DA:422,7
BRDA:422,17,0,-
BRDA:422,17,1,6
DA:424,6
DA:425,6
DA:428,1
DA:429,1
FN:438,Exchange._move
FNDA:145,Exchange._move
DA:439,145
FN:446,Exchange._move
FNDA:3,Exchange._move
DA:447,3
FN:454,Exchange._balance
FNDA:22,Exchange._balance
DA:455,22
FN:462,Exchange._permit
FNDA:78,Exchange._permit
DA:464,78
DA:465,78
DA:467,45
BRDA:467,18,0,-
BRDA:467,18,1,24
DA:469,24
DA:472,21
FN:488,Exchange.uniswapV3SwapCallback
FNDA:27,Exchange.uniswapV3SwapCallback
DA:490,27
BRDA:490,19,0,1
BRDA:490,19,1,26
DA:493,26
BRDA:493,20,0,2
BRDA:493,20,1,24
DA:495,2
DA:498,24
DA:499,24
DA:500,24
FNF:13
FNH:13
LF:79
LH:79
BRF:42
BRH:38
end_of_record
TN:
SF:test/Exchange.t.sol
FN:543,SigUtilsEIP2612.getStructHash
FNDA:4,SigUtilsEIP2612.getStructHash
DA:544,4
FN:550,SigUtilsEIP2612.getTypedDataHash
FNDA:4,SigUtilsEIP2612.getTypedDataHash
DA:551,4
FN:574,SigUtilsDAI.getStructHash
FNDA:4,SigUtilsDAI.getStructHash
DA:575,4
FN:581,SigUtilsDAI.getTypedDataHash
FNDA:4,SigUtilsDAI.getTypedDataHash
DA:582,4
FNF:4
FNH:4
LF:4
LH:4
BRF:0
BRH:0
end_of_record
