TN:
SF:script/BzzCrossChainRouter.s.sol
FN:8,BzzCrossChainRouterDeployScript.run
FNDA:0,BzzCrossChainRouterDeployScript.run
DA:9,0
DA:10,0
DA:12,0
DA:14,0
FNF:1
FNH:0
LF:4
LH:0
BRF:0
BRH:0
end_of_record
TN:
SF:script/Exchange.s.sol
FN:8,ExchangeDeploy.run
FNDA:0,ExchangeDeploy.run
DA:9,0
DA:10,0
DA:12,0
DA:23,0
FNF:1
FNH:0
LF:4
LH:0
BRF:0
BRH:0
end_of_record
TN:
SF:src/BzzCrossChainRouter.sol
FN:40,BzzCrossChainRouter.onTokenTransfer
FNDA:0,BzzCrossChainRouter.onTokenTransfer
DA:41,0
BRDA:41,0,0,-
BRDA:41,0,1,-
DA:42,0
DA:45,0
BRDA:45,1,0,-
BRDA:45,1,1,-
DA:46,0
DA:49,0
DA:51,0
FN:57,BzzCrossChainRouter.onTokenBridged
FNDA:0,BzzCrossChainRouter.onTokenBridged
DA:58,0
BRDA:58,2,0,-
BRDA:58,2,1,-
DA:59,0
FN:68,BzzCrossChainRouter._topUp
FNDA:0,BzzCrossChainRouter._topUp
DA:69,0
DA:70,0
FN:77,BzzCrossChainRouter.sweep
FNDA:0,BzzCrossChainRouter.sweep
DA:78,0
FNF:4
FNH:0
LF:11
LH:0
BRF:6
BRH:0
end_of_record
TN:
SF:src/Exchange.sol
FN:167,Exchange.setFee
FNDA:3,Exchange.setFee
DA:168,2
BRDA:168,0,0,1
BRDA:168,0,1,1
DA:169,1
FN:176,Exchange.sweep
FNDA:2,Exchange.sweep
DA:177,1
FN:193,Exchange.buy
FNDA:16,Exchange.buy
DA:195,16
DA:197,16
DA:198,16
DA:203,16
BRDA:203,1,0,-
BRDA:203,1,1,16
DA:210,16
DA:211,16
DA:214,16
BRDA:214,2,0,2
BRDA:214,2,1,2
DA:215,6
BRDA:215,3,0,2
BRDA:215,3,1,4
DA:217,2
DA:218,2
DA:219,4
BRDA:219,4,0,2
BRDA:219,4,1,2
DA:221,2
DA:224,2
DA:225,2
DA:231,14
BRDA:231,5,0,1
BRDA:231,5,1,5
DA:232,6
DA:242,8
DA:246,8
BRDA:246,6,0,-
BRDA:246,6,1,5
DA:249,5
DA:250,5
DA:254,3
DA:260,3
BRDA:260,7,0,-
BRDA:260,7,1,1
DA:262,1
DA:268,2
DA:269,2
FN:276,Exchange.sell
FNDA:6,Exchange.sell
DA:278,6
DA:279,6
DA:280,6
DA:284,6
BRDA:284,8,0,-
BRDA:284,8,1,6
DA:292,6
DA:295,4
DA:299,4
BRDA:299,9,0,1
BRDA:299,9,1,1
DA:300,3
DA:310,3
BRDA:310,10,0,1
BRDA:310,10,1,1
DA:311,2
DA:318,1
FN:331,Exchange._daiRouter
FNDA:9,Exchange._daiRouter
DA:333,9
BRDA:333,11,0,1
BRDA:333,11,1,2
DA:335,2
BRDA:335,12,0,1
BRDA:335,12,1,2
DA:337,1
DA:339,2
DA:340,7
BRDA:340,13,0,5
BRDA:340,13,1,2
DA:342,5
DA:343,2
BRDA:343,14,0,1
BRDA:343,14,1,2
DA:345,2
BRDA:345,15,0,1
BRDA:345,15,1,2
DA:347,1
DA:349,2
FN:358,Exchange._curveFi3PoolRouter
FNDA:2,Exchange._curveFi3PoolRouter
DA:360,2
DA:362,2
DA:365,2
DA:366,2
DA:371,2
DA:374,2
FN:382,Exchange._uniswapV3Router
FNDA:5,Exchange._uniswapV3Router
DA:384,5
DA:391,5
DA:400,3
FN:409,Exchange._daiPsmRouter
FNDA:2,Exchange._daiPsmRouter
DA:410,2
BRDA:410,16,0,-
BRDA:410,16,1,1
DA:412,1
DA:413,1
DA:416,1
DA:417,1
FN:426,Exchange._move
FNDA:17,Exchange._move
DA:427,17
FN:434,Exchange._move
FNDA:2,Exchange._move
DA:435,2
FN:442,Exchange._balance
FNDA:4,Exchange._balance
DA:443,4
FN:450,Exchange._permit
FNDA:4,Exchange._permit
DA:452,4
DA:453,4
DA:455,4
BRDA:455,17,0,1
BRDA:455,17,1,1
DA:457,2
DA:458,2
BRDA:458,18,0,1
BRDA:458,18,1,1
DA:460,2
FN:476,Exchange.uniswapV3SwapCallback
FNDA:6,Exchange.uniswapV3SwapCallback
DA:482,6
BRDA:482,19,0,1
BRDA:482,19,1,5
DA:485,5
BRDA:485,20,0,1
BRDA:485,20,1,4
DA:487,1
DA:490,4
DA:491,4
DA:492,4
FNF:13
FNH:13
LF:78
LH:78
BRF:42
BRH:37
end_of_record
TN:
SF:test/Exchange.t.sol
FN:587,SigUtilsDAI.getStructHash
FNDA:1,SigUtilsDAI.getStructHash
DA:588,1
FN:594,SigUtilsDAI.getTypedDataHash
FNDA:1,SigUtilsDAI.getTypedDataHash
DA:595,1
FN:533,SigUtilsEIP2612.getStructHash
FNDA:1,SigUtilsEIP2612.getStructHash
DA:538,1
FN:552,SigUtilsEIP2612.getTypedDataHash
FNDA:1,SigUtilsEIP2612.getTypedDataHash
DA:557,1
FNF:4
FNH:4
LF:4
LH:4
BRF:0
BRH:0
end_of_record
